<?xml version="1.0" encoding="UTF-8" ?>
<testsuite tests="1" failures="0" name="com.shirongbao.maven.test.DruidTest" time="0" errors="0" skipped="0">
  <properties>
    <property name="idea.version" value="2022.1.2"/>
    <property name="java.runtime.name" value="Java(TM) SE Runtime Environment"/>
    <property name="java.vm.version" value="17.0.8+9-LTS-211"/>
    <property name="sun.boot.library.path" value="D:\JAVA\jdk-17\bin"/>
    <property name="maven.multiModuleProjectDirectory" value="D:\StudyJava\Maven\Code\maven_test\maven_web"/>
    <property name="java.vm.vendor" value="Oracle Corporation"/>
    <property name="java.vendor.url" value="https://java.oracle.com/"/>
    <property name="guice.disable.misplaced.annotation.check" value="true"/>
    <property name="path.separator" value=";"/>
    <property name="java.vm.name" value="Java HotSpot(TM) 64-Bit Server VM"/>
    <property name="sun.os.patch.level" value=""/>
    <property name="user.script" value=""/>
    <property name="user.country" value="CN"/>
    <property name="sun.java.launcher" value="SUN_STANDARD"/>
    <property name="java.vm.specification.name" value="Java Virtual Machine Specification"/>
    <property name="user.dir" value="D:\StudyJava\Maven\Code\maven_test\maven_web"/>
    <property name="java.vm.compressedOopsMode" value="Zero based"/>
    <property name="java.runtime.version" value="17.0.8+9-LTS-211"/>
    <property name="os.arch" value="amd64"/>
    <property name="java.io.tmpdir" value="C:\Users\25022\AppData\Local\Temp\"/>
    <property name="line.separator" value="
"/>
    <property name="java.vm.specification.vendor" value="Oracle Corporation"/>
    <property name="user.variant" value=""/>
    <property name="os.name" value="Windows 11"/>
    <property name="maven.ext.class.path" value="D:\soft\idea\JetBrains\IntelliJIDEA2022.1.2\plugins\maven\lib\maven-event-listener.jar"/>
    <property name="classworlds.conf" value="D:\JAVA\Maven\apache-maven-3.8.8\bin\m2.conf"/>
    <property name="sun.jnu.encoding" value="GBK"/>
    <property name="java.library.path" value="D:\JAVA\jdk-17\bin;C:\WINDOWS\Sun\Java\bin;C:\WINDOWS\system32;C:\WINDOWS;C:\Program Files\Common Files\Oracle\Java\javapath;C:\Program Files (x86)\Common Files\Oracle\Java\javapath;C:\Program Files (x86)\Razer Chroma SDK\bin;C:\Program Files\Razer Chroma SDK\bin;C:\Program Files (x86)\Razer\ChromaBroadcast\bin;C:\Program Files\Razer\ChromaBroadcast\bin;D:\JAVA\jdk-17\bin;D:\MySQL\MySQL Server 8.0\bin\;D:\001\pathon\Scripts\;D:\001\pathon\;C:\windows\system32;C:\windows;C:\windows\System32\Wbem;C:\windows\System32\WindowsPowerShell\v1.0\;C:\windows\System32\OpenSSH\;C:\Program Files (x86)\NVIDIA Corporation\PhysX\Common;C:\Program Files\NVIDIA Corporation\NVIDIA NvDLISR;C:\windows\system32\config\systemprofile\AppData\Local\Microsoft\WindowsApps;D:\JAVA\jdk1.8.0_341\bin;C:\Users\25022\AppData\Local\Microsoft\WindowsApps;D:\Program Files\Python310;D:\PyCharm 2021.3\bin;D:\soft\idea\JetBrains\IntelliJIDEA2022.1.2\bin;D:\soft\Git\Git\cmd;C:\WINDOWS\system32;C:\WINDOWS;C:\WINDOWS\System32\Wbem;C:\WINDOWS\System32\WindowsPowerShell\v1.0\;C:\WINDOWS\System32\OpenSSH\;D:\nodejs\;C:\Users\25022\AppData\Local\Microsoft\WindowsApps;D:\Program Files\Python310;D:\PyCharm 2021.3\bin;;D:\soft\idea\JetBrains\IntelliJIDEA2022.1.2\bin;;D:\soft\VScode\Microsoft VS Code\bin;D:\ProgramFiles\nodejs\node_global;D:\soft\nodejs\node_global;D:\game\QQGame\Hall.57986\;C:\Users\25022\AppData\Roaming\npm;."/>
    <property name="maven.conf" value="D:\JAVA\Maven\apache-maven-3.8.8/conf"/>
    <property name="jdk.debug" value="release"/>
    <property name="java.class.version" value="61.0"/>
    <property name="java.specification.name" value="Java Platform API Specification"/>
    <property name="sun.management.compiler" value="HotSpot 64-Bit Tiered Compilers"/>
    <property name="os.version" value="10.0"/>
    <property name="user.home" value="C:\Users\25022"/>
    <property name="user.timezone" value="GMT+08:00"/>
    <property name="file.encoding" value="UTF-8"/>
    <property name="java.specification.version" value="17"/>
    <property name="user.name" value="25022"/>
    <property name="java.class.path" value="D:\JAVA\Maven\apache-maven-3.8.8\boot\plexus-classworlds-2.6.0.jar;D:\JAVA\Maven\apache-maven-3.8.8\boot\plexus-classworlds.license"/>
    <property name="java.vm.specification.version" value="17"/>
    <property name="sun.arch.data.model" value="64"/>
    <property name="sun.java.command" value="org.codehaus.classworlds.Launcher -Didea.version=2022.1.2 -s D:\JAVA\Maven\apache-maven-3.8.8\conf\settings.xml package -P jdk-17"/>
    <property name="java.home" value="D:\JAVA\jdk-17"/>
    <property name="user.language" value="zh"/>
    <property name="java.specification.vendor" value="Oracle Corporation"/>
    <property name="java.vm.info" value="mixed mode, sharing"/>
    <property name="java.version" value="17.0.8"/>
    <property name="native.encoding" value="GBK"/>
    <property name="java.vendor" value="Oracle Corporation"/>
    <property name="maven.home" value="D:\JAVA\Maven\apache-maven-3.8.8"/>
    <property name="file.separator" value="\"/>
    <property name="java.version.date" value="2023-07-18"/>
    <property name="java.vendor.url.bug" value="https://bugreport.java.com/bugreport/"/>
    <property name="sun.io.unicode.encoding" value="UnicodeLittle"/>
    <property name="sun.cpu.endian" value="little"/>
    <property name="sun.cpu.isalist" value="amd64"/>
  </properties>
  <testcase classname="com.shirongbao.maven.test.DruidTest" name="com.shirongbao.maven.test.DruidTest.testDruid" time="0"/>
</testsuite>